2022-11-13 14:48:49.208  INFO 51176 --- [main] c.c.flight.radar.MainApplication         : Starting MainApplication using Java 16 on Navroops-MacBook-Pro.local with PID 51176 (/Users/bajwa/eclipse-workspace/flight.radar/target/classes started by bajwa in /Users/bajwa/eclipse-workspace/flight.radar)
2022-11-13 14:48:49.212  INFO 51176 --- [main] c.c.flight.radar.MainApplication         : No active profile set, falling back to default profiles: default
2022-11-13 14:48:49.293  WARN 51176 --- [main] o.s.b.c.config.ConfigDataEnvironment     : Property 'spring.profiles' imported from location 'class path resource [application.yml]' is invalid and should be replaced with 'spring.config.activate.on-profile' [origin: class path resource [application.yml] - 42:13]
2022-11-13 14:48:50.074  INFO 51176 --- [main] .s.d.r.c.RepositoryConfigurationDelegate : Bootstrapping Spring Data JPA repositories in DEFERRED mode.
2022-11-13 14:48:50.149  INFO 51176 --- [main] .s.d.r.c.RepositoryConfigurationDelegate : Finished Spring Data repository scanning in 64 ms. Found 1 JPA repository interfaces.
2022-11-13 14:48:50.771  INFO 51176 --- [main] o.s.b.w.embedded.tomcat.TomcatWebServer  : Tomcat initialized with port(s): 8090 (http)
2022-11-13 14:48:50.789  INFO 51176 --- [main] o.apache.catalina.core.StandardService   : Starting service [Tomcat]
2022-11-13 14:48:50.790  INFO 51176 --- [main] org.apache.catalina.core.StandardEngine  : Starting Servlet engine: [Apache Tomcat/9.0.39]
2022-11-13 14:48:51.075  INFO 51176 --- [main] o.a.c.c.C.[Tomcat].[localhost].[/]       : Initializing Spring embedded WebApplicationContext
2022-11-13 14:48:51.075  INFO 51176 --- [main] w.s.c.ServletWebServerApplicationContext : Root WebApplicationContext: initialization completed in 1778 ms
2022-11-13 14:48:51.334  INFO 51176 --- [main] o.s.s.concurrent.ThreadPoolTaskExecutor  : Initializing ExecutorService 'applicationTaskExecutor'
2022-11-13 14:48:51.388  INFO 51176 --- [task-1] o.hibernate.jpa.internal.util.LogHelper  : HHH000204: Processing PersistenceUnitInfo [name: default]
2022-11-13 14:48:51.502  INFO 51176 --- [task-1] org.hibernate.Version                    : HHH000412: Hibernate ORM core version 5.4.23.Final
2022-11-13 14:48:51.745  INFO 51176 --- [task-1] o.hibernate.annotations.common.Version   : HCANN000001: Hibernate Commons Annotations {5.1.2.Final}
2022-11-13 14:48:51.980  INFO 51176 --- [task-1] com.zaxxer.hikari.HikariDataSource       : HikariPool-1 - Starting...
2022-11-13 14:48:52.049  WARN 51176 --- [main] JpaBaseConfiguration$JpaWebConfiguration : spring.jpa.open-in-view is enabled by default. Therefore, database queries may be performed during view rendering. Explicitly configure spring.jpa.open-in-view to disable this warning
2022-11-13 14:48:52.092  INFO 51176 --- [task-1] com.zaxxer.hikari.HikariDataSource       : HikariPool-1 - Start completed.
2022-11-13 14:48:52.153  INFO 51176 --- [task-1] org.hibernate.dialect.Dialect            : HHH000400: Using dialect: org.hibernate.dialect.MySQL8Dialect
2022-11-13 14:48:52.578  INFO 51176 --- [main] o.s.s.web.DefaultSecurityFilterChain     : Will secure any request with [org.springframework.security.web.context.request.async.WebAsyncManagerIntegrationFilter@4dfdfe7d, org.springframework.security.web.context.SecurityContextPersistenceFilter@4e375bba, org.springframework.security.web.header.HeaderWriterFilter@1cbc5693, org.springframework.security.web.csrf.CsrfFilter@63fd4dda, org.springframework.security.web.authentication.logout.LogoutFilter@14d25b6e, org.springframework.security.web.authentication.UsernamePasswordAuthenticationFilter@88b76f2, org.springframework.security.web.authentication.ui.DefaultLoginPageGeneratingFilter@477021ee, org.springframework.security.web.authentication.ui.DefaultLogoutPageGeneratingFilter@1578b8ec, org.springframework.security.web.savedrequest.RequestCacheAwareFilter@71664560, org.springframework.security.web.servletapi.SecurityContextHolderAwareRequestFilter@5348d83c, org.springframework.security.web.authentication.AnonymousAuthenticationFilter@f613067, org.springframework.security.web.session.SessionManagementFilter@59845579, org.springframework.security.web.access.ExceptionTranslationFilter@108e9837, org.springframework.security.web.access.intercept.FilterSecurityInterceptor@6da4feeb]
2022-11-13 14:48:52.944  INFO 51176 --- [main] o.s.b.w.embedded.tomcat.TomcatWebServer  : Tomcat started on port(s): 8090 (http) with context path ''
2022-11-13 14:48:52.951  INFO 51176 --- [main] DeferredRepositoryInitializationListener : Triggering deferred initialization of Spring Data repositories…
2022-11-13 14:48:53.134  INFO 51176 --- [task-1] o.h.e.t.j.p.i.JtaPlatformInitiator       : HHH000490: Using JtaPlatform implementation: [org.hibernate.engine.transaction.jta.platform.internal.NoJtaPlatform]
2022-11-13 14:48:53.144  INFO 51176 --- [task-1] j.LocalContainerEntityManagerFactoryBean : Initialized JPA EntityManagerFactory for persistence unit 'default'
2022-11-13 14:48:53.538  INFO 51176 --- [main] DeferredRepositoryInitializationListener : Spring Data repositories initialized!
2022-11-13 14:48:53.555  INFO 51176 --- [main] c.c.flight.radar.MainApplication         : Started MainApplication in 5.022 seconds (JVM running for 5.826)
2022-11-13 14:49:15.393  INFO 51176 --- [SpringContextShutdownHook] j.LocalContainerEntityManagerFactoryBean : Closing JPA EntityManagerFactory for persistence unit 'default'
2022-11-13 14:49:15.395  INFO 51176 --- [SpringContextShutdownHook] o.s.s.concurrent.ThreadPoolTaskExecutor  : Shutting down ExecutorService 'applicationTaskExecutor'
2022-11-13 14:49:15.396  INFO 51176 --- [SpringContextShutdownHook] com.zaxxer.hikari.HikariDataSource       : HikariPool-1 - Shutdown initiated...
2022-11-13 14:49:15.400  INFO 51176 --- [SpringContextShutdownHook] com.zaxxer.hikari.HikariDataSource       : HikariPool-1 - Shutdown completed.
2022-11-13 15:32:35.261  INFO 52021 --- [main] c.c.flight.radar.MainApplication         : Starting MainApplication using Java 16 on Navroops-MacBook-Pro.local with PID 52021 (/Users/bajwa/eclipse-workspace/flight.radar/target/classes started by bajwa in /Users/bajwa/eclipse-workspace/flight.radar)
2022-11-13 15:32:35.265  INFO 52021 --- [main] c.c.flight.radar.MainApplication         : No active profile set, falling back to default profiles: default
2022-11-13 15:32:35.350  WARN 52021 --- [main] o.s.b.c.config.ConfigDataEnvironment     : Property 'spring.profiles' imported from location 'class path resource [application.yml]' is invalid and should be replaced with 'spring.config.activate.on-profile' [origin: class path resource [application.yml] - 42:13]
2022-11-13 15:32:36.218  INFO 52021 --- [main] .s.d.r.c.RepositoryConfigurationDelegate : Bootstrapping Spring Data JPA repositories in DEFERRED mode.
2022-11-13 15:32:36.292  INFO 52021 --- [main] .s.d.r.c.RepositoryConfigurationDelegate : Finished Spring Data repository scanning in 60 ms. Found 1 JPA repository interfaces.
2022-11-13 15:32:36.933  INFO 52021 --- [main] o.s.b.w.embedded.tomcat.TomcatWebServer  : Tomcat initialized with port(s): 8090 (http)
2022-11-13 15:32:36.951  INFO 52021 --- [main] o.apache.catalina.core.StandardService   : Starting service [Tomcat]
2022-11-13 15:32:36.951  INFO 52021 --- [main] org.apache.catalina.core.StandardEngine  : Starting Servlet engine: [Apache Tomcat/9.0.39]
2022-11-13 15:32:37.129  INFO 52021 --- [main] o.a.c.c.C.[Tomcat].[localhost].[/]       : Initializing Spring embedded WebApplicationContext
2022-11-13 15:32:37.130  INFO 52021 --- [main] w.s.c.ServletWebServerApplicationContext : Root WebApplicationContext: initialization completed in 1774 ms
2022-11-13 15:32:37.345  INFO 52021 --- [main] o.s.s.concurrent.ThreadPoolTaskExecutor  : Initializing ExecutorService 'applicationTaskExecutor'
2022-11-13 15:32:37.398  INFO 52021 --- [task-1] o.hibernate.jpa.internal.util.LogHelper  : HHH000204: Processing PersistenceUnitInfo [name: default]
2022-11-13 15:32:37.549  INFO 52021 --- [task-1] org.hibernate.Version                    : HHH000412: Hibernate ORM core version 5.4.23.Final
2022-11-13 15:32:37.816  INFO 52021 --- [task-1] o.hibernate.annotations.common.Version   : HCANN000001: Hibernate Commons Annotations {5.1.2.Final}
2022-11-13 15:32:38.008  INFO 52021 --- [task-1] com.zaxxer.hikari.HikariDataSource       : HikariPool-1 - Starting...
2022-11-13 15:32:38.195  INFO 52021 --- [task-1] com.zaxxer.hikari.HikariDataSource       : HikariPool-1 - Start completed.
2022-11-13 15:32:38.247  WARN 52021 --- [main] JpaBaseConfiguration$JpaWebConfiguration : spring.jpa.open-in-view is enabled by default. Therefore, database queries may be performed during view rendering. Explicitly configure spring.jpa.open-in-view to disable this warning
2022-11-13 15:32:38.285  INFO 52021 --- [task-1] org.hibernate.dialect.Dialect            : HHH000400: Using dialect: org.hibernate.dialect.MySQL8Dialect
2022-11-13 15:32:38.825  INFO 52021 --- [main] o.s.s.web.DefaultSecurityFilterChain     : Will secure any request with [org.springframework.security.web.context.request.async.WebAsyncManagerIntegrationFilter@3f9b7fe1, org.springframework.security.web.context.SecurityContextPersistenceFilter@5707f613, org.springframework.security.web.header.HeaderWriterFilter@100ad67e, org.springframework.security.web.csrf.CsrfFilter@4bb1b96b, org.springframework.security.web.authentication.logout.LogoutFilter@543d5863, org.springframework.security.web.authentication.UsernamePasswordAuthenticationFilter@902fdbe, org.springframework.security.web.authentication.ui.DefaultLoginPageGeneratingFilter@2eda4eeb, org.springframework.security.web.authentication.ui.DefaultLogoutPageGeneratingFilter@2f79f192, org.springframework.security.web.savedrequest.RequestCacheAwareFilter@6367a688, org.springframework.security.web.servletapi.SecurityContextHolderAwareRequestFilter@4ea17147, org.springframework.security.web.authentication.AnonymousAuthenticationFilter@5fdfe8cf, org.springframework.security.web.session.SessionManagementFilter@62aeddc8, org.springframework.security.web.access.ExceptionTranslationFilter@7ecda95b, org.springframework.security.web.access.intercept.FilterSecurityInterceptor@79b18230]
2022-11-13 15:32:39.218  INFO 52021 --- [main] o.s.b.w.embedded.tomcat.TomcatWebServer  : Tomcat started on port(s): 8090 (http) with context path ''
2022-11-13 15:32:39.229  INFO 52021 --- [main] DeferredRepositoryInitializationListener : Triggering deferred initialization of Spring Data repositories…
2022-11-13 15:32:39.741  INFO 52021 --- [task-1] o.h.e.t.j.p.i.JtaPlatformInitiator       : HHH000490: Using JtaPlatform implementation: [org.hibernate.engine.transaction.jta.platform.internal.NoJtaPlatform]
2022-11-13 15:32:39.760  INFO 52021 --- [task-1] j.LocalContainerEntityManagerFactoryBean : Initialized JPA EntityManagerFactory for persistence unit 'default'
2022-11-13 15:32:40.246  INFO 52021 --- [main] DeferredRepositoryInitializationListener : Spring Data repositories initialized!
2022-11-13 15:32:40.256  INFO 52021 --- [main] c.c.flight.radar.MainApplication         : Started MainApplication in 5.695 seconds (JVM running for 6.613)
2022-11-13 15:32:58.979  INFO 52021 --- [http-nio-8090-exec-1] o.a.c.c.C.[Tomcat].[localhost].[/]       : Initializing Spring DispatcherServlet 'dispatcherServlet'
2022-11-13 15:32:58.986  INFO 52021 --- [http-nio-8090-exec-1] o.s.web.servlet.DispatcherServlet        : Initializing Servlet 'dispatcherServlet'
2022-11-13 15:32:58.994  INFO 52021 --- [http-nio-8090-exec-1] o.s.web.servlet.DispatcherServlet        : Completed initialization in 7 ms
2022-11-13 15:38:47.497  INFO 52021 --- [SpringContextShutdownHook] j.LocalContainerEntityManagerFactoryBean : Closing JPA EntityManagerFactory for persistence unit 'default'
2022-11-13 15:38:47.529  INFO 52021 --- [SpringContextShutdownHook] o.s.s.concurrent.ThreadPoolTaskExecutor  : Shutting down ExecutorService 'applicationTaskExecutor'
2022-11-13 15:38:47.532  INFO 52021 --- [SpringContextShutdownHook] com.zaxxer.hikari.HikariDataSource       : HikariPool-1 - Shutdown initiated...
2022-11-13 15:38:47.562  INFO 52021 --- [SpringContextShutdownHook] com.zaxxer.hikari.HikariDataSource       : HikariPool-1 - Shutdown completed.
2022-11-13 16:21:06.896  INFO 53116 --- [main] c.c.flight.radar.MainApplication         : Starting MainApplication using Java 16 on Navroops-MacBook-Pro.local with PID 53116 (/Users/bajwa/eclipse-workspace/flight.radar/target/classes started by bajwa in /Users/bajwa/eclipse-workspace/flight.radar)
2022-11-13 16:21:06.900  INFO 53116 --- [main] c.c.flight.radar.MainApplication         : No active profile set, falling back to default profiles: default
2022-11-13 16:21:07.120  WARN 53116 --- [main] o.s.b.c.config.ConfigDataEnvironment     : Property 'spring.profiles' imported from location 'class path resource [application.yml]' is invalid and should be replaced with 'spring.config.activate.on-profile' [origin: class path resource [application.yml] - 42:13]
2022-11-13 16:21:08.512  INFO 53116 --- [main] .s.d.r.c.RepositoryConfigurationDelegate : Bootstrapping Spring Data JPA repositories in DEFERRED mode.
2022-11-13 16:21:08.589  INFO 53116 --- [main] .s.d.r.c.RepositoryConfigurationDelegate : Finished Spring Data repository scanning in 60 ms. Found 1 JPA repository interfaces.
2022-11-13 16:21:09.370  INFO 53116 --- [main] o.s.b.w.embedded.tomcat.TomcatWebServer  : Tomcat initialized with port(s): 8090 (http)
2022-11-13 16:21:09.392  INFO 53116 --- [main] o.apache.catalina.core.StandardService   : Starting service [Tomcat]
2022-11-13 16:21:09.393  INFO 53116 --- [main] org.apache.catalina.core.StandardEngine  : Starting Servlet engine: [Apache Tomcat/9.0.39]
2022-11-13 16:21:09.554  INFO 53116 --- [main] o.a.c.c.C.[Tomcat].[localhost].[/]       : Initializing Spring embedded WebApplicationContext
2022-11-13 16:21:09.555  INFO 53116 --- [main] w.s.c.ServletWebServerApplicationContext : Root WebApplicationContext: initialization completed in 2414 ms
2022-11-13 16:21:09.782  INFO 53116 --- [main] o.s.s.concurrent.ThreadPoolTaskExecutor  : Initializing ExecutorService 'applicationTaskExecutor'
2022-11-13 16:21:09.840  INFO 53116 --- [task-1] o.hibernate.jpa.internal.util.LogHelper  : HHH000204: Processing PersistenceUnitInfo [name: default]
2022-11-13 16:21:09.952  INFO 53116 --- [task-1] org.hibernate.Version                    : HHH000412: Hibernate ORM core version 5.4.23.Final
2022-11-13 16:21:10.266  INFO 53116 --- [task-1] o.hibernate.annotations.common.Version   : HCANN000001: Hibernate Commons Annotations {5.1.2.Final}
2022-11-13 16:21:10.480  INFO 53116 --- [task-1] com.zaxxer.hikari.HikariDataSource       : HikariPool-1 - Starting...
2022-11-13 16:21:10.635  INFO 53116 --- [task-1] com.zaxxer.hikari.HikariDataSource       : HikariPool-1 - Start completed.
2022-11-13 16:21:10.895  WARN 53116 --- [main] JpaBaseConfiguration$JpaWebConfiguration : spring.jpa.open-in-view is enabled by default. Therefore, database queries may be performed during view rendering. Explicitly configure spring.jpa.open-in-view to disable this warning
2022-11-13 16:21:10.925  INFO 53116 --- [task-1] org.hibernate.dialect.Dialect            : HHH000400: Using dialect: org.hibernate.dialect.MySQL8Dialect
2022-11-13 16:21:11.448  INFO 53116 --- [main] o.s.s.web.DefaultSecurityFilterChain     : Will secure any request with [org.springframework.security.web.context.request.async.WebAsyncManagerIntegrationFilter@49fdbe2b, org.springframework.security.web.context.SecurityContextPersistenceFilter@15986dd5, org.springframework.security.web.header.HeaderWriterFilter@443a53df, org.springframework.security.web.csrf.CsrfFilter@4b97b3d2, org.springframework.security.web.authentication.logout.LogoutFilter@5e180aaf, org.springframework.security.web.authentication.UsernamePasswordAuthenticationFilter@77b5148c, org.springframework.security.web.authentication.ui.DefaultLoginPageGeneratingFilter@16ee9aa7, org.springframework.security.web.authentication.ui.DefaultLogoutPageGeneratingFilter@53eba4b8, org.springframework.security.web.savedrequest.RequestCacheAwareFilter@5bf9ea6b, org.springframework.security.web.servletapi.SecurityContextHolderAwareRequestFilter@498c535d, org.springframework.security.web.authentication.AnonymousAuthenticationFilter@437bd805, org.springframework.security.web.session.SessionManagementFilter@69aabcb0, org.springframework.security.web.access.ExceptionTranslationFilter@ce12fbb, org.springframework.security.web.access.intercept.FilterSecurityInterceptor@ccd341d]
2022-11-13 16:21:12.289  INFO 53116 --- [main] o.s.b.w.embedded.tomcat.TomcatWebServer  : Tomcat started on port(s): 8090 (http) with context path ''
2022-11-13 16:21:12.292  INFO 53116 --- [main] DeferredRepositoryInitializationListener : Triggering deferred initialization of Spring Data repositories…
2022-11-13 16:21:12.595  INFO 53116 --- [task-1] o.h.e.t.j.p.i.JtaPlatformInitiator       : HHH000490: Using JtaPlatform implementation: [org.hibernate.engine.transaction.jta.platform.internal.NoJtaPlatform]
2022-11-13 16:21:12.617  INFO 53116 --- [task-1] j.LocalContainerEntityManagerFactoryBean : Initialized JPA EntityManagerFactory for persistence unit 'default'
2022-11-13 16:21:13.001  INFO 53116 --- [main] DeferredRepositoryInitializationListener : Spring Data repositories initialized!
2022-11-13 16:21:13.028  INFO 53116 --- [main] c.c.flight.radar.MainApplication         : Started MainApplication in 7.089 seconds (JVM running for 8.319)
2022-11-13 16:21:56.521  INFO 53116 --- [http-nio-8090-exec-1] o.a.c.c.C.[Tomcat].[localhost].[/]       : Initializing Spring DispatcherServlet 'dispatcherServlet'
2022-11-13 16:21:56.524  INFO 53116 --- [http-nio-8090-exec-1] o.s.web.servlet.DispatcherServlet        : Initializing Servlet 'dispatcherServlet'
2022-11-13 16:21:56.541  INFO 53116 --- [http-nio-8090-exec-1] o.s.web.servlet.DispatcherServlet        : Completed initialization in 17 ms
2022-11-13 16:24:11.975  INFO 53116 --- [SpringContextShutdownHook] j.LocalContainerEntityManagerFactoryBean : Closing JPA EntityManagerFactory for persistence unit 'default'
2022-11-13 16:24:11.987  INFO 53116 --- [SpringContextShutdownHook] o.s.s.concurrent.ThreadPoolTaskExecutor  : Shutting down ExecutorService 'applicationTaskExecutor'
2022-11-13 16:24:11.988  INFO 53116 --- [SpringContextShutdownHook] com.zaxxer.hikari.HikariDataSource       : HikariPool-1 - Shutdown initiated...
2022-11-13 16:24:12.009  INFO 53116 --- [SpringContextShutdownHook] com.zaxxer.hikari.HikariDataSource       : HikariPool-1 - Shutdown completed.
2022-11-13 16:24:17.027  INFO 53185 --- [main] c.c.flight.radar.MainApplication         : Starting MainApplication using Java 16 on Navroops-MacBook-Pro.local with PID 53185 (/Users/bajwa/eclipse-workspace/flight.radar/target/classes started by bajwa in /Users/bajwa/eclipse-workspace/flight.radar)
2022-11-13 16:24:17.031  INFO 53185 --- [main] c.c.flight.radar.MainApplication         : No active profile set, falling back to default profiles: default
2022-11-13 16:24:17.120  WARN 53185 --- [main] o.s.b.c.config.ConfigDataEnvironment     : Property 'spring.profiles' imported from location 'class path resource [application.yml]' is invalid and should be replaced with 'spring.config.activate.on-profile' [origin: class path resource [application.yml] - 42:13]
2022-11-13 16:24:17.913  INFO 53185 --- [main] .s.d.r.c.RepositoryConfigurationDelegate : Bootstrapping Spring Data JPA repositories in DEFERRED mode.
2022-11-13 16:24:18.002  INFO 53185 --- [main] .s.d.r.c.RepositoryConfigurationDelegate : Finished Spring Data repository scanning in 76 ms. Found 1 JPA repository interfaces.
2022-11-13 16:24:18.627  INFO 53185 --- [main] o.s.b.w.embedded.tomcat.TomcatWebServer  : Tomcat initialized with port(s): 8090 (http)
2022-11-13 16:24:18.642  INFO 53185 --- [main] o.apache.catalina.core.StandardService   : Starting service [Tomcat]
2022-11-13 16:24:18.643  INFO 53185 --- [main] org.apache.catalina.core.StandardEngine  : Starting Servlet engine: [Apache Tomcat/9.0.39]
2022-11-13 16:24:18.761  INFO 53185 --- [main] o.a.c.c.C.[Tomcat].[localhost].[/]       : Initializing Spring embedded WebApplicationContext
2022-11-13 16:24:18.762  INFO 53185 --- [main] w.s.c.ServletWebServerApplicationContext : Root WebApplicationContext: initialization completed in 1637 ms
2022-11-13 16:24:18.936  INFO 53185 --- [main] o.s.s.concurrent.ThreadPoolTaskExecutor  : Initializing ExecutorService 'applicationTaskExecutor'
2022-11-13 16:24:18.994  INFO 53185 --- [task-1] o.hibernate.jpa.internal.util.LogHelper  : HHH000204: Processing PersistenceUnitInfo [name: default]
2022-11-13 16:24:19.098  INFO 53185 --- [task-1] org.hibernate.Version                    : HHH000412: Hibernate ORM core version 5.4.23.Final
2022-11-13 16:24:19.336  INFO 53185 --- [task-1] o.hibernate.annotations.common.Version   : HCANN000001: Hibernate Commons Annotations {5.1.2.Final}
2022-11-13 16:24:19.512  INFO 53185 --- [task-1] com.zaxxer.hikari.HikariDataSource       : HikariPool-1 - Starting...
2022-11-13 16:24:19.673  INFO 53185 --- [task-1] com.zaxxer.hikari.HikariDataSource       : HikariPool-1 - Start completed.
2022-11-13 16:24:19.741  INFO 53185 --- [task-1] org.hibernate.dialect.Dialect            : HHH000400: Using dialect: org.hibernate.dialect.MySQL8Dialect
2022-11-13 16:24:19.742  WARN 53185 --- [main] JpaBaseConfiguration$JpaWebConfiguration : spring.jpa.open-in-view is enabled by default. Therefore, database queries may be performed during view rendering. Explicitly configure spring.jpa.open-in-view to disable this warning
2022-11-13 16:24:20.205  INFO 53185 --- [main] o.s.s.web.DefaultSecurityFilterChain     : Will secure any request with [org.springframework.security.web.context.request.async.WebAsyncManagerIntegrationFilter@5df7e31b, org.springframework.security.web.context.SecurityContextPersistenceFilter@dd3f8aa, org.springframework.security.web.header.HeaderWriterFilter@611b35d6, org.springframework.security.web.csrf.CsrfFilter@6b321262, org.springframework.security.web.authentication.logout.LogoutFilter@3292d91a, org.springframework.security.web.authentication.UsernamePasswordAuthenticationFilter@2b44d6d0, org.springframework.security.web.authentication.ui.DefaultLoginPageGeneratingFilter@664e848c, org.springframework.security.web.authentication.ui.DefaultLogoutPageGeneratingFilter@63a9c661, org.springframework.security.web.savedrequest.RequestCacheAwareFilter@3a1f2a1, org.springframework.security.web.servletapi.SecurityContextHolderAwareRequestFilter@149b4d20, org.springframework.security.web.authentication.AnonymousAuthenticationFilter@4b425577, org.springframework.security.web.session.SessionManagementFilter@543d5863, org.springframework.security.web.access.ExceptionTranslationFilter@66e21568, org.springframework.security.web.access.intercept.FilterSecurityInterceptor@515b9d4a]
2022-11-13 16:24:20.744  INFO 53185 --- [main] o.s.b.w.embedded.tomcat.TomcatWebServer  : Tomcat started on port(s): 8090 (http) with context path ''
2022-11-13 16:24:20.753  INFO 53185 --- [main] DeferredRepositoryInitializationListener : Triggering deferred initialization of Spring Data repositories…
2022-11-13 16:24:20.959  INFO 53185 --- [task-1] o.h.e.t.j.p.i.JtaPlatformInitiator       : HHH000490: Using JtaPlatform implementation: [org.hibernate.engine.transaction.jta.platform.internal.NoJtaPlatform]
2022-11-13 16:24:20.973  INFO 53185 --- [task-1] j.LocalContainerEntityManagerFactoryBean : Initialized JPA EntityManagerFactory for persistence unit 'default'
2022-11-13 16:24:21.427  INFO 53185 --- [main] DeferredRepositoryInitializationListener : Spring Data repositories initialized!
2022-11-13 16:24:21.445  INFO 53185 --- [main] c.c.flight.radar.MainApplication         : Started MainApplication in 5.329 seconds (JVM running for 6.19)
2022-11-13 16:24:30.581  INFO 53185 --- [http-nio-8090-exec-1] o.a.c.c.C.[Tomcat].[localhost].[/]       : Initializing Spring DispatcherServlet 'dispatcherServlet'
2022-11-13 16:24:30.584  INFO 53185 --- [http-nio-8090-exec-1] o.s.web.servlet.DispatcherServlet        : Initializing Servlet 'dispatcherServlet'
2022-11-13 16:24:30.586  INFO 53185 --- [http-nio-8090-exec-1] o.s.web.servlet.DispatcherServlet        : Completed initialization in 2 ms
2022-11-13 16:36:03.643  WARN 53185 --- [http-nio-8090-exec-2] .w.s.m.s.DefaultHandlerExceptionResolver : Resolved [org.springframework.web.bind.MissingPathVariableException: Missing URI template variable 'countryNameOrCode' for method parameter of type String]
2022-11-13 16:36:23.949  WARN 53185 --- [http-nio-8090-exec-3] .w.s.m.s.DefaultHandlerExceptionResolver : Resolved [org.springframework.web.bind.MissingPathVariableException: Missing URI template variable 'countryNameOrCode' for method parameter of type String]
2022-11-13 16:36:43.618  WARN 53185 --- [http-nio-8090-exec-4] .w.s.m.s.DefaultHandlerExceptionResolver : Resolved [org.springframework.web.bind.MissingPathVariableException: Missing URI template variable 'countryNameOrCode' for method parameter of type String]
2022-11-13 16:37:01.045  WARN 53185 --- [http-nio-8090-exec-6] .w.s.m.s.DefaultHandlerExceptionResolver : Resolved [org.springframework.web.bind.MissingPathVariableException: Missing URI template variable 'countryNameOrCode' for method parameter of type String]
2022-11-13 16:37:32.871  INFO 53185 --- [SpringContextShutdownHook] j.LocalContainerEntityManagerFactoryBean : Closing JPA EntityManagerFactory for persistence unit 'default'
2022-11-13 16:37:33.024  INFO 53185 --- [SpringContextShutdownHook] o.s.s.concurrent.ThreadPoolTaskExecutor  : Shutting down ExecutorService 'applicationTaskExecutor'
2022-11-13 16:37:33.027  INFO 53185 --- [SpringContextShutdownHook] com.zaxxer.hikari.HikariDataSource       : HikariPool-1 - Shutdown initiated...
2022-11-13 16:37:33.094  INFO 53185 --- [SpringContextShutdownHook] com.zaxxer.hikari.HikariDataSource       : HikariPool-1 - Shutdown completed.
2022-11-13 16:37:38.734  INFO 53615 --- [main] c.c.flight.radar.MainApplication         : Starting MainApplication using Java 16 on Navroops-MacBook-Pro.local with PID 53615 (/Users/bajwa/eclipse-workspace/flight.radar/target/classes started by bajwa in /Users/bajwa/eclipse-workspace/flight.radar)
2022-11-13 16:37:38.737  INFO 53615 --- [main] c.c.flight.radar.MainApplication         : No active profile set, falling back to default profiles: default
2022-11-13 16:37:38.826  WARN 53615 --- [main] o.s.b.c.config.ConfigDataEnvironment     : Property 'spring.profiles' imported from location 'class path resource [application.yml]' is invalid and should be replaced with 'spring.config.activate.on-profile' [origin: class path resource [application.yml] - 42:13]
2022-11-13 16:37:39.631  INFO 53615 --- [main] .s.d.r.c.RepositoryConfigurationDelegate : Bootstrapping Spring Data JPA repositories in DEFERRED mode.
2022-11-13 16:37:39.708  INFO 53615 --- [main] .s.d.r.c.RepositoryConfigurationDelegate : Finished Spring Data repository scanning in 64 ms. Found 1 JPA repository interfaces.
2022-11-13 16:37:40.337  INFO 53615 --- [main] o.s.b.w.embedded.tomcat.TomcatWebServer  : Tomcat initialized with port(s): 8090 (http)
2022-11-13 16:37:40.352  INFO 53615 --- [main] o.apache.catalina.core.StandardService   : Starting service [Tomcat]
2022-11-13 16:37:40.353  INFO 53615 --- [main] org.apache.catalina.core.StandardEngine  : Starting Servlet engine: [Apache Tomcat/9.0.39]
2022-11-13 16:37:40.474  INFO 53615 --- [main] o.a.c.c.C.[Tomcat].[localhost].[/]       : Initializing Spring embedded WebApplicationContext
2022-11-13 16:37:40.474  INFO 53615 --- [main] w.s.c.ServletWebServerApplicationContext : Root WebApplicationContext: initialization completed in 1644 ms
2022-11-13 16:37:40.642  INFO 53615 --- [main] o.s.s.concurrent.ThreadPoolTaskExecutor  : Initializing ExecutorService 'applicationTaskExecutor'
2022-11-13 16:37:40.702  INFO 53615 --- [task-1] o.hibernate.jpa.internal.util.LogHelper  : HHH000204: Processing PersistenceUnitInfo [name: default]
2022-11-13 16:37:40.811  INFO 53615 --- [task-1] org.hibernate.Version                    : HHH000412: Hibernate ORM core version 5.4.23.Final
2022-11-13 16:37:41.493  INFO 53615 --- [task-1] o.hibernate.annotations.common.Version   : HCANN000001: Hibernate Commons Annotations {5.1.2.Final}
2022-11-13 16:37:41.784  INFO 53615 --- [task-1] com.zaxxer.hikari.HikariDataSource       : HikariPool-1 - Starting...
2022-11-13 16:37:41.877  WARN 53615 --- [main] JpaBaseConfiguration$JpaWebConfiguration : spring.jpa.open-in-view is enabled by default. Therefore, database queries may be performed during view rendering. Explicitly configure spring.jpa.open-in-view to disable this warning
2022-11-13 16:37:41.928  INFO 53615 --- [task-1] com.zaxxer.hikari.HikariDataSource       : HikariPool-1 - Start completed.
2022-11-13 16:37:42.025  INFO 53615 --- [task-1] org.hibernate.dialect.Dialect            : HHH000400: Using dialect: org.hibernate.dialect.MySQL8Dialect
2022-11-13 16:37:42.867  INFO 53615 --- [main] o.s.s.web.DefaultSecurityFilterChain     : Will secure any request with [org.springframework.security.web.context.request.async.WebAsyncManagerIntegrationFilter@2e7af36e, org.springframework.security.web.context.SecurityContextPersistenceFilter@385dfb63, org.springframework.security.web.header.HeaderWriterFilter@661d6bb6, org.springframework.security.web.csrf.CsrfFilter@778a1250, org.springframework.security.web.authentication.logout.LogoutFilter@2a8b33ba, org.springframework.security.web.authentication.UsernamePasswordAuthenticationFilter@64502326, org.springframework.security.web.authentication.ui.DefaultLoginPageGeneratingFilter@3fcbc766, org.springframework.security.web.authentication.ui.DefaultLogoutPageGeneratingFilter@1283ca23, org.springframework.security.web.savedrequest.RequestCacheAwareFilter@245253d8, org.springframework.security.web.servletapi.SecurityContextHolderAwareRequestFilter@392781e, org.springframework.security.web.authentication.AnonymousAuthenticationFilter@740fefc6, org.springframework.security.web.session.SessionManagementFilter@623e0631, org.springframework.security.web.access.ExceptionTranslationFilter@16f0ec18, org.springframework.security.web.access.intercept.FilterSecurityInterceptor@22825e1e]
2022-11-13 16:37:43.864  INFO 53615 --- [main] o.s.b.w.embedded.tomcat.TomcatWebServer  : Tomcat started on port(s): 8090 (http) with context path ''
2022-11-13 16:37:43.874  INFO 53615 --- [main] DeferredRepositoryInitializationListener : Triggering deferred initialization of Spring Data repositories…
2022-11-13 16:37:44.252  INFO 53615 --- [task-1] o.h.e.t.j.p.i.JtaPlatformInitiator       : HHH000490: Using JtaPlatform implementation: [org.hibernate.engine.transaction.jta.platform.internal.NoJtaPlatform]
2022-11-13 16:37:44.284  INFO 53615 --- [task-1] j.LocalContainerEntityManagerFactoryBean : Initialized JPA EntityManagerFactory for persistence unit 'default'
2022-11-13 16:37:44.832  INFO 53615 --- [main] DeferredRepositoryInitializationListener : Spring Data repositories initialized!
2022-11-13 16:37:44.849  INFO 53615 --- [main] c.c.flight.radar.MainApplication         : Started MainApplication in 6.943 seconds (JVM running for 8.071)
2022-11-13 16:38:47.068  INFO 53615 --- [http-nio-8090-exec-1] o.a.c.c.C.[Tomcat].[localhost].[/]       : Initializing Spring DispatcherServlet 'dispatcherServlet'
2022-11-13 16:38:47.074  INFO 53615 --- [http-nio-8090-exec-1] o.s.web.servlet.DispatcherServlet        : Initializing Servlet 'dispatcherServlet'
2022-11-13 16:38:47.098  INFO 53615 --- [http-nio-8090-exec-1] o.s.web.servlet.DispatcherServlet        : Completed initialization in 24 ms
2022-11-13 16:39:43.340  INFO 53615 --- [SpringContextShutdownHook] j.LocalContainerEntityManagerFactoryBean : Closing JPA EntityManagerFactory for persistence unit 'default'
2022-11-13 16:39:43.345  INFO 53615 --- [SpringContextShutdownHook] o.s.s.concurrent.ThreadPoolTaskExecutor  : Shutting down ExecutorService 'applicationTaskExecutor'
2022-11-13 16:39:43.345  INFO 53615 --- [SpringContextShutdownHook] com.zaxxer.hikari.HikariDataSource       : HikariPool-1 - Shutdown initiated...
2022-11-13 16:39:43.358  INFO 53615 --- [SpringContextShutdownHook] com.zaxxer.hikari.HikariDataSource       : HikariPool-1 - Shutdown completed.
2022-11-13 16:39:48.735  INFO 53687 --- [main] c.c.flight.radar.MainApplication         : Starting MainApplication using Java 16 on Navroops-MacBook-Pro.local with PID 53687 (/Users/bajwa/eclipse-workspace/flight.radar/target/classes started by bajwa in /Users/bajwa/eclipse-workspace/flight.radar)
2022-11-13 16:39:48.738  INFO 53687 --- [main] c.c.flight.radar.MainApplication         : No active profile set, falling back to default profiles: default
2022-11-13 16:39:48.849  WARN 53687 --- [main] o.s.b.c.config.ConfigDataEnvironment     : Property 'spring.profiles' imported from location 'class path resource [application.yml]' is invalid and should be replaced with 'spring.config.activate.on-profile' [origin: class path resource [application.yml] - 42:13]
2022-11-13 16:39:49.991  INFO 53687 --- [main] .s.d.r.c.RepositoryConfigurationDelegate : Bootstrapping Spring Data JPA repositories in DEFERRED mode.
2022-11-13 16:39:50.086  INFO 53687 --- [main] .s.d.r.c.RepositoryConfigurationDelegate : Finished Spring Data repository scanning in 76 ms. Found 1 JPA repository interfaces.
2022-11-13 16:39:50.820  INFO 53687 --- [main] o.s.b.w.embedded.tomcat.TomcatWebServer  : Tomcat initialized with port(s): 8090 (http)
2022-11-13 16:39:50.836  INFO 53687 --- [main] o.apache.catalina.core.StandardService   : Starting service [Tomcat]
2022-11-13 16:39:50.838  INFO 53687 --- [main] org.apache.catalina.core.StandardEngine  : Starting Servlet engine: [Apache Tomcat/9.0.39]
2022-11-13 16:39:50.977  INFO 53687 --- [main] o.a.c.c.C.[Tomcat].[localhost].[/]       : Initializing Spring embedded WebApplicationContext
2022-11-13 16:39:50.978  INFO 53687 --- [main] w.s.c.ServletWebServerApplicationContext : Root WebApplicationContext: initialization completed in 2126 ms
2022-11-13 16:39:51.178  INFO 53687 --- [main] o.s.s.concurrent.ThreadPoolTaskExecutor  : Initializing ExecutorService 'applicationTaskExecutor'
2022-11-13 16:39:51.260  INFO 53687 --- [task-1] o.hibernate.jpa.internal.util.LogHelper  : HHH000204: Processing PersistenceUnitInfo [name: default]
2022-11-13 16:39:51.374  INFO 53687 --- [task-1] org.hibernate.Version                    : HHH000412: Hibernate ORM core version 5.4.23.Final
2022-11-13 16:39:51.642  INFO 53687 --- [task-1] o.hibernate.annotations.common.Version   : HCANN000001: Hibernate Commons Annotations {5.1.2.Final}
2022-11-13 16:39:51.882  INFO 53687 --- [task-1] com.zaxxer.hikari.HikariDataSource       : HikariPool-1 - Starting...
2022-11-13 16:39:52.026  INFO 53687 --- [task-1] com.zaxxer.hikari.HikariDataSource       : HikariPool-1 - Start completed.
2022-11-13 16:39:52.098  WARN 53687 --- [main] JpaBaseConfiguration$JpaWebConfiguration : spring.jpa.open-in-view is enabled by default. Therefore, database queries may be performed during view rendering. Explicitly configure spring.jpa.open-in-view to disable this warning
2022-11-13 16:39:52.147  INFO 53687 --- [task-1] org.hibernate.dialect.Dialect            : HHH000400: Using dialect: org.hibernate.dialect.MySQL8Dialect
2022-11-13 16:39:52.624  INFO 53687 --- [main] o.s.s.web.DefaultSecurityFilterChain     : Will secure any request with [org.springframework.security.web.context.request.async.WebAsyncManagerIntegrationFilter@c4d2c44, org.springframework.security.web.context.SecurityContextPersistenceFilter@415795f3, org.springframework.security.web.header.HeaderWriterFilter@35787726, org.springframework.security.web.csrf.CsrfFilter@7f0a133d, org.springframework.security.web.authentication.logout.LogoutFilter@2c3158e0, org.springframework.security.web.authentication.UsernamePasswordAuthenticationFilter@71a4f441, org.springframework.security.web.authentication.ui.DefaultLoginPageGeneratingFilter@6f6cc7da, org.springframework.security.web.authentication.ui.DefaultLogoutPageGeneratingFilter@13866329, org.springframework.security.web.savedrequest.RequestCacheAwareFilter@3375ebd3, org.springframework.security.web.servletapi.SecurityContextHolderAwareRequestFilter@2abafa97, org.springframework.security.web.authentication.AnonymousAuthenticationFilter@2eda2062, org.springframework.security.web.session.SessionManagementFilter@27976390, org.springframework.security.web.access.ExceptionTranslationFilter@1ef31f71, org.springframework.security.web.access.intercept.FilterSecurityInterceptor@67f9cb52]
2022-11-13 16:39:53.146  INFO 53687 --- [main] o.s.b.w.embedded.tomcat.TomcatWebServer  : Tomcat started on port(s): 8090 (http) with context path ''
2022-11-13 16:39:53.155  INFO 53687 --- [main] DeferredRepositoryInitializationListener : Triggering deferred initialization of Spring Data repositories…
2022-11-13 16:39:53.494  INFO 53687 --- [task-1] o.h.e.t.j.p.i.JtaPlatformInitiator       : HHH000490: Using JtaPlatform implementation: [org.hibernate.engine.transaction.jta.platform.internal.NoJtaPlatform]
2022-11-13 16:39:53.514  INFO 53687 --- [task-1] j.LocalContainerEntityManagerFactoryBean : Initialized JPA EntityManagerFactory for persistence unit 'default'
2022-11-13 16:39:54.061  INFO 53687 --- [main] DeferredRepositoryInitializationListener : Spring Data repositories initialized!
2022-11-13 16:39:54.082  INFO 53687 --- [main] c.c.flight.radar.MainApplication         : Started MainApplication in 6.304 seconds (JVM running for 7.121)
2022-11-13 16:40:02.494  INFO 53687 --- [http-nio-8090-exec-1] o.a.c.c.C.[Tomcat].[localhost].[/]       : Initializing Spring DispatcherServlet 'dispatcherServlet'
2022-11-13 16:40:02.495  INFO 53687 --- [http-nio-8090-exec-1] o.s.web.servlet.DispatcherServlet        : Initializing Servlet 'dispatcherServlet'
2022-11-13 16:40:02.496  INFO 53687 --- [http-nio-8090-exec-1] o.s.web.servlet.DispatcherServlet        : Completed initialization in 1 ms
2022-11-13 16:57:02.492  INFO 53687 --- [SpringContextShutdownHook] j.LocalContainerEntityManagerFactoryBean : Closing JPA EntityManagerFactory for persistence unit 'default'
2022-11-13 16:57:02.551  INFO 53687 --- [SpringContextShutdownHook] o.s.s.concurrent.ThreadPoolTaskExecutor  : Shutting down ExecutorService 'applicationTaskExecutor'
2022-11-13 16:57:02.555  INFO 53687 --- [SpringContextShutdownHook] com.zaxxer.hikari.HikariDataSource       : HikariPool-1 - Shutdown initiated...
2022-11-13 16:57:02.637  INFO 53687 --- [SpringContextShutdownHook] com.zaxxer.hikari.HikariDataSource       : HikariPool-1 - Shutdown completed.
2022-11-13 17:32:27.001  INFO 54828 --- [main] c.c.flight.radar.MainApplication         : Starting MainApplication using Java 16 on Navroops-MacBook-Pro.local with PID 54828 (/Users/bajwa/eclipse-workspace/flight.radar/target/classes started by bajwa in /Users/bajwa/eclipse-workspace/flight.radar)
2022-11-13 17:32:27.004  INFO 54828 --- [main] c.c.flight.radar.MainApplication         : The following profiles are active: test
2022-11-13 17:32:27.117  WARN 54828 --- [main] o.s.b.c.config.ConfigDataEnvironment     : Property 'spring.profiles' imported from location 'class path resource [application.yml]' is invalid and should be replaced with 'spring.config.activate.on-profile' [origin: class path resource [application.yml] - 42:13]
2022-11-13 17:32:27.911  INFO 54828 --- [main] .s.d.r.c.RepositoryConfigurationDelegate : Bootstrapping Spring Data JPA repositories in DEFERRED mode.
2022-11-13 17:32:27.996  INFO 54828 --- [main] .s.d.r.c.RepositoryConfigurationDelegate : Finished Spring Data repository scanning in 67 ms. Found 1 JPA repository interfaces.
2022-11-13 17:32:28.627  INFO 54828 --- [main] o.s.b.w.embedded.tomcat.TomcatWebServer  : Tomcat initialized with port(s): 8090 (http)
2022-11-13 17:32:28.642  INFO 54828 --- [main] o.apache.catalina.core.StandardService   : Starting service [Tomcat]
2022-11-13 17:32:28.643  INFO 54828 --- [main] org.apache.catalina.core.StandardEngine  : Starting Servlet engine: [Apache Tomcat/9.0.39]
2022-11-13 17:32:28.786  INFO 54828 --- [main] o.a.c.c.C.[Tomcat].[localhost].[/]       : Initializing Spring embedded WebApplicationContext
2022-11-13 17:32:28.786  INFO 54828 --- [main] w.s.c.ServletWebServerApplicationContext : Root WebApplicationContext: initialization completed in 1666 ms
2022-11-13 17:32:28.855  INFO 54828 --- [main] com.zaxxer.hikari.HikariDataSource       : HikariPool-1 - Starting...
2022-11-13 17:32:29.388  INFO 54828 --- [main] com.zaxxer.hikari.HikariDataSource       : HikariPool-1 - Start completed.
2022-11-13 17:32:29.410  INFO 54828 --- [main] o.s.b.a.h2.H2ConsoleAutoConfiguration    : H2 console available at '/h2-console'. Database available at 'jdbc:mysql://localhost:3306/login_service'
2022-11-13 17:32:29.585  INFO 54828 --- [main] o.s.s.concurrent.ThreadPoolTaskExecutor  : Initializing ExecutorService 'applicationTaskExecutor'
2022-11-13 17:32:29.688  INFO 54828 --- [task-1] o.hibernate.jpa.internal.util.LogHelper  : HHH000204: Processing PersistenceUnitInfo [name: default]
2022-11-13 17:32:29.823  INFO 54828 --- [task-1] org.hibernate.Version                    : HHH000412: Hibernate ORM core version 5.4.23.Final
2022-11-13 17:32:29.893  WARN 54828 --- [main] JpaBaseConfiguration$JpaWebConfiguration : spring.jpa.open-in-view is enabled by default. Therefore, database queries may be performed during view rendering. Explicitly configure spring.jpa.open-in-view to disable this warning
2022-11-13 17:32:30.125  INFO 54828 --- [task-1] o.hibernate.annotations.common.Version   : HCANN000001: Hibernate Commons Annotations {5.1.2.Final}
2022-11-13 17:32:30.160  INFO 54828 --- [main] o.s.s.web.DefaultSecurityFilterChain     : Will secure any request with [org.springframework.security.web.context.request.async.WebAsyncManagerIntegrationFilter@23e61112, org.springframework.security.web.context.SecurityContextPersistenceFilter@2e952845, org.springframework.security.web.header.HeaderWriterFilter@5fd43e58, org.springframework.security.web.csrf.CsrfFilter@2ee4706d, org.springframework.security.web.authentication.logout.LogoutFilter@224d86d2, org.springframework.security.web.authentication.UsernamePasswordAuthenticationFilter@147cc940, org.springframework.security.web.authentication.ui.DefaultLoginPageGeneratingFilter@2365ea38, org.springframework.security.web.authentication.ui.DefaultLogoutPageGeneratingFilter@58a7dc4, org.springframework.security.web.savedrequest.RequestCacheAwareFilter@6fbf5db2, org.springframework.security.web.servletapi.SecurityContextHolderAwareRequestFilter@3ab595c8, org.springframework.security.web.authentication.AnonymousAuthenticationFilter@61b60600, org.springframework.security.web.session.SessionManagementFilter@68dfda77, org.springframework.security.web.access.ExceptionTranslationFilter@4a1a412e, org.springframework.security.web.access.intercept.FilterSecurityInterceptor@115c946b]
2022-11-13 17:32:30.386  INFO 54828 --- [task-1] org.hibernate.dialect.Dialect            : HHH000400: Using dialect: org.hibernate.dialect.MySQL8Dialect
2022-11-13 17:32:30.605  INFO 54828 --- [main] o.s.b.w.embedded.tomcat.TomcatWebServer  : Tomcat started on port(s): 8090 (http) with context path ''
2022-11-13 17:32:30.616  INFO 54828 --- [main] DeferredRepositoryInitializationListener : Triggering deferred initialization of Spring Data repositories…
2022-11-13 17:32:31.544  INFO 54828 --- [task-1] o.h.e.t.j.p.i.JtaPlatformInitiator       : HHH000490: Using JtaPlatform implementation: [org.hibernate.engine.transaction.jta.platform.internal.NoJtaPlatform]
2022-11-13 17:32:31.554  INFO 54828 --- [task-1] j.LocalContainerEntityManagerFactoryBean : Initialized JPA EntityManagerFactory for persistence unit 'default'
2022-11-13 17:32:31.928  INFO 54828 --- [main] DeferredRepositoryInitializationListener : Spring Data repositories initialized!
2022-11-13 17:32:31.942  INFO 54828 --- [main] c.c.flight.radar.MainApplication         : Started MainApplication in 5.81 seconds (JVM running for 6.265)
2022-11-13 17:32:43.229  INFO 54828 --- [SpringContextShutdownHook] j.LocalContainerEntityManagerFactoryBean : Closing JPA EntityManagerFactory for persistence unit 'default'
2022-11-13 17:32:43.233  INFO 54828 --- [SpringContextShutdownHook] o.s.s.concurrent.ThreadPoolTaskExecutor  : Shutting down ExecutorService 'applicationTaskExecutor'
2022-11-13 17:32:43.233  INFO 54828 --- [SpringContextShutdownHook] com.zaxxer.hikari.HikariDataSource       : HikariPool-1 - Shutdown initiated...
2022-11-13 17:32:43.242  INFO 54828 --- [SpringContextShutdownHook] com.zaxxer.hikari.HikariDataSource       : HikariPool-1 - Shutdown completed.
2022-11-13 17:35:35.235  INFO 54876 --- [main] c.c.flight.radar.MainApplication         : Starting MainApplication using Java 16 on Navroops-MacBook-Pro.local with PID 54876 (/Users/bajwa/eclipse-workspace/flight.radar/target/classes started by bajwa in /Users/bajwa/eclipse-workspace/flight.radar)
2022-11-13 17:35:35.240  INFO 54876 --- [main] c.c.flight.radar.MainApplication         : The following profiles are active: test
2022-11-13 17:35:35.319  WARN 54876 --- [main] o.s.b.c.config.ConfigDataEnvironment     : Property 'spring.profiles' imported from location 'class path resource [application.yml]' is invalid and should be replaced with 'spring.config.activate.on-profile' [origin: class path resource [application.yml] - 42:13]
2022-11-13 17:35:36.339  INFO 54876 --- [main] .s.d.r.c.RepositoryConfigurationDelegate : Bootstrapping Spring Data JPA repositories in DEFERRED mode.
2022-11-13 17:35:36.424  INFO 54876 --- [main] .s.d.r.c.RepositoryConfigurationDelegate : Finished Spring Data repository scanning in 74 ms. Found 1 JPA repository interfaces.
2022-11-13 17:35:37.258  INFO 54876 --- [main] o.s.b.w.embedded.tomcat.TomcatWebServer  : Tomcat initialized with port(s): 8090 (http)
2022-11-13 17:35:37.398  INFO 54876 --- [main] w.s.c.ServletWebServerApplicationContext : Root WebApplicationContext: initialization completed in 2072 ms
2022-11-13 17:35:37.446  INFO 54876 --- [main] com.zaxxer.hikari.HikariDataSource       : HikariPool-1 - Starting...
2022-11-13 17:35:37.824  INFO 54876 --- [main] com.zaxxer.hikari.HikariDataSource       : HikariPool-1 - Start completed.
2022-11-13 17:35:37.831  INFO 54876 --- [main] o.s.b.a.h2.H2ConsoleAutoConfiguration    : H2 console available at '/h2-console'. Database available at 'jdbc:mysql://localhost:3306/login_service'
2022-11-13 17:35:37.977  INFO 54876 --- [main] o.s.s.concurrent.ThreadPoolTaskExecutor  : Initializing ExecutorService 'applicationTaskExecutor'
2022-11-13 17:35:38.075  INFO 54876 --- [task-1] o.hibernate.jpa.internal.util.LogHelper  : HHH000204: Processing PersistenceUnitInfo [name: default]
2022-11-13 17:35:38.264  WARN 54876 --- [main] JpaBaseConfiguration$JpaWebConfiguration : spring.jpa.open-in-view is enabled by default. Therefore, database queries may be performed during view rendering. Explicitly configure spring.jpa.open-in-view to disable this warning
2022-11-13 17:35:38.305  INFO 54876 --- [task-1] org.hibernate.Version                    : HHH000412: Hibernate ORM core version 5.4.23.Final
2022-11-13 17:35:38.594  INFO 54876 --- [main] o.s.s.web.DefaultSecurityFilterChain     : Will secure any request with [org.springframework.security.web.context.request.async.WebAsyncManagerIntegrationFilter@4bc9ca97, org.springframework.security.web.context.SecurityContextPersistenceFilter@4a1a412e, org.springframework.security.web.header.HeaderWriterFilter@4f5f474c, org.springframework.security.web.csrf.CsrfFilter@2f0ccb34, org.springframework.security.web.authentication.logout.LogoutFilter@6b9c42bd, org.springframework.security.web.authentication.UsernamePasswordAuthenticationFilter@2017f6e6, org.springframework.security.web.authentication.ui.DefaultLoginPageGeneratingFilter@75bd28d, org.springframework.security.web.authentication.ui.DefaultLogoutPageGeneratingFilter@3e43f049, org.springframework.security.web.savedrequest.RequestCacheAwareFilter@5fd43e58, org.springframework.security.web.servletapi.SecurityContextHolderAwareRequestFilter@57cabdc3, org.springframework.security.web.authentication.AnonymousAuthenticationFilter@147cc940, org.springframework.security.web.session.SessionManagementFilter@14d8e132, org.springframework.security.web.access.ExceptionTranslationFilter@5333f08f, org.springframework.security.web.access.intercept.FilterSecurityInterceptor@21274afe]
2022-11-13 17:35:38.612  INFO 54876 --- [task-1] o.hibernate.annotations.common.Version   : HCANN000001: Hibernate Commons Annotations {5.1.2.Final}
2022-11-13 17:35:38.849  INFO 54876 --- [task-1] org.hibernate.dialect.Dialect            : HHH000400: Using dialect: org.hibernate.dialect.MySQL8Dialect
2022-11-13 17:35:39.070  INFO 54876 --- [main] o.s.b.w.embedded.tomcat.TomcatWebServer  : Tomcat started on port(s): 8090 (http) with context path ''
2022-11-13 17:35:39.076  INFO 54876 --- [main] DeferredRepositoryInitializationListener : Triggering deferred initialization of Spring Data repositories…
2022-11-13 17:35:39.905  INFO 54876 --- [task-1] o.h.e.t.j.p.i.JtaPlatformInitiator       : HHH000490: Using JtaPlatform implementation: [org.hibernate.engine.transaction.jta.platform.internal.NoJtaPlatform]
2022-11-13 17:35:39.915  INFO 54876 --- [task-1] j.LocalContainerEntityManagerFactoryBean : Initialized JPA EntityManagerFactory for persistence unit 'default'
2022-11-13 17:35:40.465  INFO 54876 --- [main] DeferredRepositoryInitializationListener : Spring Data repositories initialized!
2022-11-13 17:35:40.481  INFO 54876 --- [main] c.c.flight.radar.MainApplication         : Started MainApplication in 5.979 seconds (JVM running for 6.379)
2022-11-13 17:35:40.547  INFO 54876 --- [SpringContextShutdownHook] j.LocalContainerEntityManagerFactoryBean : Closing JPA EntityManagerFactory for persistence unit 'default'
2022-11-13 17:35:40.549  INFO 54876 --- [SpringContextShutdownHook] o.s.s.concurrent.ThreadPoolTaskExecutor  : Shutting down ExecutorService 'applicationTaskExecutor'
2022-11-13 17:35:40.550  INFO 54876 --- [SpringContextShutdownHook] com.zaxxer.hikari.HikariDataSource       : HikariPool-1 - Shutdown initiated...
2022-11-13 17:35:40.556  INFO 54876 --- [SpringContextShutdownHook] com.zaxxer.hikari.HikariDataSource       : HikariPool-1 - Shutdown completed.
2022-11-13 17:39:47.246  INFO 54965 --- [main] c.c.flight.radar.MainApplication         : Starting MainApplication using Java 16 on Navroops-MacBook-Pro.local with PID 54965 (/Users/bajwa/eclipse-workspace/flight.radar/target/classes started by bajwa in /Users/bajwa/eclipse-workspace/flight.radar)
2022-11-13 17:39:47.249  INFO 54965 --- [main] c.c.flight.radar.MainApplication         : The following profiles are active: test
2022-11-13 17:39:47.333  WARN 54965 --- [main] o.s.b.c.config.ConfigDataEnvironment     : Property 'spring.profiles' imported from location 'class path resource [application.yml]' is invalid and should be replaced with 'spring.config.activate.on-profile' [origin: class path resource [application.yml] - 42:13]
2022-11-13 17:39:48.152  INFO 54965 --- [main] .s.d.r.c.RepositoryConfigurationDelegate : Bootstrapping Spring Data JPA repositories in DEFERRED mode.
2022-11-13 17:39:48.246  INFO 54965 --- [main] .s.d.r.c.RepositoryConfigurationDelegate : Finished Spring Data repository scanning in 76 ms. Found 1 JPA repository interfaces.
2022-11-13 17:39:48.941  INFO 54965 --- [main] o.s.b.w.embedded.tomcat.TomcatWebServer  : Tomcat initialized with port(s): 8090 (http)
2022-11-13 17:39:48.957  INFO 54965 --- [main] o.apache.catalina.core.StandardService   : Starting service [Tomcat]
2022-11-13 17:39:48.959  INFO 54965 --- [main] org.apache.catalina.core.StandardEngine  : Starting Servlet engine: [Apache Tomcat/9.0.39]
2022-11-13 17:39:49.111  INFO 54965 --- [main] o.a.c.c.C.[Tomcat].[localhost].[/]       : Initializing Spring embedded WebApplicationContext
2022-11-13 17:39:49.111  INFO 54965 --- [main] w.s.c.ServletWebServerApplicationContext : Root WebApplicationContext: initialization completed in 1774 ms
2022-11-13 17:39:49.186  INFO 54965 --- [main] com.zaxxer.hikari.HikariDataSource       : HikariPool-1 - Starting...
2022-11-13 17:39:49.818  INFO 54965 --- [main] com.zaxxer.hikari.HikariDataSource       : HikariPool-1 - Start completed.
2022-11-13 17:39:49.824  INFO 54965 --- [main] o.s.b.a.h2.H2ConsoleAutoConfiguration    : H2 console available at '/h2-console'. Database available at 'jdbc:mysql://localhost:3306/login_service'
2022-11-13 17:39:49.973  INFO 54965 --- [main] o.s.s.concurrent.ThreadPoolTaskExecutor  : Initializing ExecutorService 'applicationTaskExecutor'
2022-11-13 17:39:50.042  INFO 54965 --- [task-1] o.hibernate.jpa.internal.util.LogHelper  : HHH000204: Processing PersistenceUnitInfo [name: default]
2022-11-13 17:39:50.153  WARN 54965 --- [main] JpaBaseConfiguration$JpaWebConfiguration : spring.jpa.open-in-view is enabled by default. Therefore, database queries may be performed during view rendering. Explicitly configure spring.jpa.open-in-view to disable this warning
2022-11-13 17:39:50.244  INFO 54965 --- [task-1] org.hibernate.Version                    : HHH000412: Hibernate ORM core version 5.4.23.Final
2022-11-13 17:39:50.516  INFO 54965 --- [main] o.s.s.web.DefaultSecurityFilterChain     : Will secure any request with [org.springframework.security.web.context.request.async.WebAsyncManagerIntegrationFilter@61da0413, org.springframework.security.web.context.SecurityContextPersistenceFilter@51e8d066, org.springframework.security.web.header.HeaderWriterFilter@4f2ac7e0, org.springframework.security.web.csrf.CsrfFilter@4fb64a52, org.springframework.security.web.authentication.logout.LogoutFilter@5faeeb56, org.springframework.security.web.authentication.UsernamePasswordAuthenticationFilter@5e193ef5, org.springframework.security.web.authentication.ui.DefaultLoginPageGeneratingFilter@68dfda77, org.springframework.security.web.authentication.ui.DefaultLogoutPageGeneratingFilter@5627cb29, org.springframework.security.web.savedrequest.RequestCacheAwareFilter@27898e13, org.springframework.security.web.servletapi.SecurityContextHolderAwareRequestFilter@70d4f672, org.springframework.security.web.authentication.AnonymousAuthenticationFilter@4d4c1ba9, org.springframework.security.web.session.SessionManagementFilter@111cba40, org.springframework.security.web.access.ExceptionTranslationFilter@74a820bf, org.springframework.security.web.access.intercept.FilterSecurityInterceptor@7364f68]
2022-11-13 17:39:50.552  INFO 54965 --- [task-1] o.hibernate.annotations.common.Version   : HCANN000001: Hibernate Commons Annotations {5.1.2.Final}
2022-11-13 17:39:50.751  INFO 54965 --- [task-1] org.hibernate.dialect.Dialect            : HHH000400: Using dialect: org.hibernate.dialect.MySQL8Dialect
2022-11-13 17:39:50.923  INFO 54965 --- [main] o.s.b.w.embedded.tomcat.TomcatWebServer  : Tomcat started on port(s): 8090 (http) with context path ''
2022-11-13 17:39:50.925  INFO 54965 --- [main] DeferredRepositoryInitializationListener : Triggering deferred initialization of Spring Data repositories…
2022-11-13 17:39:52.076  INFO 54965 --- [task-1] o.h.e.t.j.p.i.JtaPlatformInitiator       : HHH000490: Using JtaPlatform implementation: [org.hibernate.engine.transaction.jta.platform.internal.NoJtaPlatform]
2022-11-13 17:39:52.092  INFO 54965 --- [task-1] j.LocalContainerEntityManagerFactoryBean : Initialized JPA EntityManagerFactory for persistence unit 'default'
2022-11-13 17:39:52.678  INFO 54965 --- [main] DeferredRepositoryInitializationListener : Spring Data repositories initialized!
2022-11-13 17:39:52.690  INFO 54965 --- [main] c.c.flight.radar.MainApplication         : Started MainApplication in 6.163 seconds (JVM running for 6.574)
2022-11-13 17:39:52.761  INFO 54965 --- [SpringContextShutdownHook] j.LocalContainerEntityManagerFactoryBean : Closing JPA EntityManagerFactory for persistence unit 'default'
2022-11-13 17:39:52.762  INFO 54965 --- [SpringContextShutdownHook] o.s.s.concurrent.ThreadPoolTaskExecutor  : Shutting down ExecutorService 'applicationTaskExecutor'
2022-11-13 17:39:52.763  INFO 54965 --- [SpringContextShutdownHook] com.zaxxer.hikari.HikariDataSource       : HikariPool-1 - Shutdown initiated...
2022-11-13 17:39:52.770  INFO 54965 --- [SpringContextShutdownHook] com.zaxxer.hikari.HikariDataSource       : HikariPool-1 - Shutdown completed.
